<?xml version="1.0" encoding="UTF-8"?>
<testsuite name="TestSuite" time="52.505" tests="12" errors="0" skipped="0" failures="0">
  <properties>
[...]
</properties>
  <testcase name="checkDropDown" classname="com.wbl.test.HomePageTest" time="0.237"/>
  <testcase name="checkFooter" classname="com.wbl.test.HomePageTest" time="0.131"/>
  <testcase name="checkTabs" classname="com.wbl.test.HomePageTest" time="0.149"/>
  <testcase name="checkTitle" classname="com.wbl.test.HomePageTest" time="0.015"/>
  <testcase name="checkToolTipTextAndLink" classname="com.wbl.test.HomePageTest" time="0.1"/>
  <testcase name="feedBack" classname="com.wbl.test.HomePageTest" time="7.175"/>
  <testcase name="footerLinks" classname="com.wbl.test.HomePageTest" time="0.479"/>
  <testcase name="invalidSignup" classname="com.wbl.test.HomePageTest" time="1.505"/>
  <testcase name="socialMediaIcons" classname="com.wbl.test.HomePageTest" time="0.202"/>
  <testcase name="validSignup" classname="com.wbl.test.HomePageTest" time="1.557"/>
  <testcase name="addToCardFirstElementAndValidate" classname="com.wbl.test.SearchTest" time="25.245"/>
  <testcase name="searchAndValidate" classname="com.wbl.test.SearchTest" time="15.71"/>
</testsuite>